{
  "RSpec": {
    "coverage": {
      "/home/utshantgurung/tic-tac-toe-rb-online-web-sp-000/lib/tic_tac_toe.rb": [
        1,
        null,
        1,
        14,
        14,
        14,
        14,
        14,
        null,
        null,
        1,
        16,
        null,
        null,
        1,
        15,
        null,
        null,
        1,
        18,
        15,
        null,
        3,
        null,
        null,
        null,
        1,
        16,
        null,
        null,
        1,
        14,
        14,
        126,
        10,
        null,
        null,
        14,
        null,
        null,
        1,
        13,
        null,
        null,
        1,
        13,
        13,
        13,
        13,
        12,
        12,
        null,
        1,
        1,
        null,
        null,
        null,
        1,
        48,
        293,
        293,
        293,
        null,
        293,
        293,
        293,
        null,
        293,
        20,
        null,
        null,
        28,
        null,
        null,
        1,
        113,
        null,
        null,
        1,
        16,
        null,
        null,
        1,
        13,
        null,
        null,
        1,
        6,
        5,
        null,
        null,
        null,
        1,
        11,
        10,
        null,
        11,
        4,
        7,
        3,
        null,
        null
      ]
    },
    "timestamp": 1620622732
  }
}
